c:\users\devop\onedrive\desktop\studentapp\freertos\freertos\demo\win32-msvc-static-allocation-only\debug\vc143.pdb
c:\users\devop\onedrive\desktop\studentapp\freertos\freertos\demo\win32-msvc-static-allocation-only\debug\vc143.idb
c:\users\devop\onedrive\desktop\studentapp\freertos\freertos\demo\win32-msvc-static-allocation-only\debug\event_groups.obj
c:\users\devop\onedrive\desktop\studentapp\freertos\freertos\demo\win32-msvc-static-allocation-only\debug\stream_buffer.obj
c:\users\devop\onedrive\desktop\studentapp\freertos\freertos\demo\win32-msvc-static-allocation-only\debug\timers.obj
c:\users\devop\onedrive\desktop\studentapp\freertos\freertos\demo\win32-msvc-static-allocation-only\debug\staticallocation.obj
c:\users\devop\onedrive\desktop\studentapp\freertos\freertos\demo\win32-msvc-static-allocation-only\debug\main.obj
c:\users\devop\onedrive\desktop\studentapp\freertos\freertos\demo\win32-msvc-static-allocation-only\debug\list.obj
c:\users\devop\onedrive\desktop\studentapp\freertos\freertos\demo\win32-msvc-static-allocation-only\debug\port.obj
c:\users\devop\onedrive\desktop\studentapp\freertos\freertos\demo\win32-msvc-static-allocation-only\debug\queue.obj
c:\users\devop\onedrive\desktop\studentapp\freertos\freertos\demo\win32-msvc-static-allocation-only\debug\tasks.obj
c:\users\devop\onedrive\desktop\studentapp\freertos\freertos\demo\win32-msvc-static-allocation-only\debug\main_myproject.obj
c:\users\devop\onedrive\desktop\studentapp\freertos\freertos\demo\win32-msvc-static-allocation-only\debug\rtosdemo.exe
c:\users\devop\onedrive\desktop\studentapp\freertos\freertos\demo\win32-msvc-static-allocation-only\debug\win32.pdb
c:\users\devop\onedrive\desktop\studentapp\freertos\freertos\demo\win32-msvc-static-allocation-only\debug\rtosdemo.ilk
c:\users\devop\onedrive\desktop\studentapp\freertos\freertos\demo\win32-msvc-static-allocation-only\debug\rtosdemo.tlog\cl.command.1.tlog
c:\users\devop\onedrive\desktop\studentapp\freertos\freertos\demo\win32-msvc-static-allocation-only\debug\rtosdemo.tlog\cl.items.tlog
c:\users\devop\onedrive\desktop\studentapp\freertos\freertos\demo\win32-msvc-static-allocation-only\debug\rtosdemo.tlog\cl.read.1.tlog
c:\users\devop\onedrive\desktop\studentapp\freertos\freertos\demo\win32-msvc-static-allocation-only\debug\rtosdemo.tlog\cl.write.1.tlog
c:\users\devop\onedrive\desktop\studentapp\freertos\freertos\demo\win32-msvc-static-allocation-only\debug\rtosdemo.tlog\link.command.1.tlog
c:\users\devop\onedrive\desktop\studentapp\freertos\freertos\demo\win32-msvc-static-allocation-only\debug\rtosdemo.tlog\link.read.1.tlog
c:\users\devop\onedrive\desktop\studentapp\freertos\freertos\demo\win32-msvc-static-allocation-only\debug\rtosdemo.tlog\link.secondary.1.tlog
c:\users\devop\onedrive\desktop\studentapp\freertos\freertos\demo\win32-msvc-static-allocation-only\debug\rtosdemo.tlog\link.write.1.tlog
